{"level":"info","message":{"ativa":true,"dataNascimento":"10/10/2015","documentos":[{"cnpj":false,"cpf":true,"documento":"85416148080","id":84,"rg":false}],"email":"854.161.480-80@gmail.com","nome":"CONTA INTEGRAÇÃO API LOCAL 1 alterado via put ","nomeTratamento":"INTEGRAÇÃO","profissao":"Aluno","sobrenome":"1","sociedade":"PESSOA_FISICA","telefone":"62985646998","telefone2":""}}
{"level":"info"}
{"level":"info"}
{"level":"info"}
{"level":"info"}
{"level":"info","message":"User not found"}
{"level":"info","message":"User not found"}
{"level":"info","message":"User not found"}
{"level":"info","message":"User not found"}
{"level":"info","message":{"id":2,"response":"User not found"}}
{"level":"error","message":{"id":2,"response":"User not found"}}
{"level":"error","message":{"id":1,"response":"User not found"}}
{"level":"error","message":{"id":1,"response":"User not found"}}
{"level":"error","message":{"id":1,"response":"User not found"}}
{"level":"error","message":{"id":2,"response":"User not found"}}
{"level":"error","message":{"id":2,"response":"User not found"}}
{"level":"info","message":{"ativa":true,"dataNascimento":"10/10/2015","documentos":[{"cnpj":false,"cpf":true,"documento":"85416148080","id":84,"rg":false}],"email":"854.161.480-80@gmail.com","nome":"CONTA INTEGRAÇÃO API LOCAL 1 alterado via put ","nomeTratamento":"INTEGRAÇÃO","profissao":"Aluno","sobrenome":"1","sociedade":"PESSOA_FISICA","telefone":"62985646998","telefone2":""}}
{"level":"info","message":{"ativa":true,"dataNascimento":"10/10/2015","documentos":[{"cnpj":false,"cpf":true,"documento":"85416148080","id":84,"rg":false}],"email":"854.161.480-80@gmail.com","nome":"CONTA INTEGRAÇÃO API LOCAL 1 alterado via put ","nomeTratamento":"INTEGRAÇÃO","profissao":"Aluno","sobrenome":"1","sociedade":"PESSOA_FISICA","telefone":"62985646998","telefone2":""}}
{"level":"info"}
{"level":"error","message":{"id":2,"response":"User not found"}}
{"level":"error","message":{"id":1,"response":"User not found"}}
{"level":"info","message":{"ativa":true,"dataNascimento":"10/10/2015","documentos":[{"cnpj":false,"cpf":true,"documento":"85416148080","id":84,"rg":false}],"email":"854.161.480-80@gmail.com","nome":"CONTA INTEGRAÇÃO API LOCAL 1 alterado via put ","nomeTratamento":"INTEGRAÇÃO","profissao":"Aluno","sobrenome":"1","sociedade":"PESSOA_FISICA","telefone":"62985646998","telefone2":""}}
{"level":"error","message":{"id":2,"response":"User not found"}}
